# JRE version: OpenJDK Runtime Environment (17.0.6) (build 17.0.6+0-b2043.56-9586694)
# Java VM: OpenJDK 64-Bit Server VM (17.0.6+0-b2043.56-9586694, mixed mode, tiered, compressed oops, compressed class ptrs, g1 gc, windows-amd64)
GC Precious Log:
 CPUs: 8 total, 8 available
 Memory: 8023M
 Large Page Support: Disabled
 NUMA Support: Disabled
 Compressed Oops: Enabled (32-bit)
 Heap Region Size: 1M
 Heap Min Capacity: 8M
 Heap Initial Capacity: 126M
 Heap Max Capacity: 2G
 Pre-touch: Disabled
 Parallel Workers: 8
 Concurrent Workers: 2
 Concurrent Refinement Workers: 8
 Periodic GC: Disabled
Heap:
 garbage-first heap   total 242688K, used 130911K [0x0000000080000000, 0x0000000100000000)
  region size 1024K, 13 young (13312K), 10 survivors (10240K)
 Metaspace       used 120739K, committed 121600K, reserved 1155072K
  class space    used 16112K, committed 16512K, reserved 1048576K
GC Heap History (20 events):
Event: 11.013 GC heap before
{Heap before GC invocations=30 (full 0):
 garbage-first heap   total 227328K, used 166676K [0x0000000080000000, 0x0000000100000000)
  region size 1024K, 105 young (107520K), 13 survivors (13312K)
 Metaspace       used 85678K, committed 86272K, reserved 1130496K
  class space    used 11506K, committed 11776K, reserved 1048576K
}
Event: 11.032 GC heap after
{Heap after GC invocations=31 (full 0):
 garbage-first heap   total 227328K, used 82277K [0x0000000080000000, 0x0000000100000000)
  region size 1024K, 9 young (9216K), 9 survivors (9216K)
 Metaspace       used 85678K, committed 86272K, reserved 1130496K
  class space    used 11506K, committed 11776K, reserved 1048576K
}
Event: 11.889 GC heap before
{Heap before GC invocations=31 (full 0):
 garbage-first heap   total 227328K, used 172389K [0x0000000080000000, 0x0000000100000000)
  region size 1024K, 98 young (100352K), 9 survivors (9216K)
 Metaspace       used 87576K, committed 88128K, reserved 1130496K
  class space    used 11719K, committed 11968K, reserved 1048576K
}
Event: 11.903 GC heap after
{Heap after GC invocations=32 (full 0):
 garbage-first heap   total 227328K, used 87653K [0x0000000080000000, 0x0000000100000000)
  region size 1024K, 6 young (6144K), 6 survivors (6144K)
 Metaspace       used 87576K, committed 88128K, reserved 1130496K
  class space    used 11719K, committed 11968K, reserved 1048576K
}
Event: 767.639 GC heap before
{Heap before GC invocations=32 (full 0):
 garbage-first heap   total 227328K, used 177765K [0x0000000080000000, 0x0000000100000000)
  region size 1024K, 95 young (97280K), 6 survivors (6144K)
 Metaspace       used 91823K, committed 92416K, reserved 1130496K
  class space    used 12021K, committed 12288K, reserved 1048576K
}
Event: 767.665 GC heap after
{Heap after GC invocations=33 (full 0):
 garbage-first heap   total 227328K, used 94676K [0x0000000080000000, 0x0000000100000000)
  region size 1024K, 12 young (12288K), 12 survivors (12288K)
 Metaspace       used 91823K, committed 92416K, reserved 1130496K
  class space    used 12021K, committed 12288K, reserved 1048576K
}
Event: 769.115 GC heap before
{Heap before GC invocations=33 (full 0):
 garbage-first heap   total 227328K, used 181716K [0x0000000080000000, 0x0000000100000000)
  region size 1024K, 96 young (98304K), 12 survivors (12288K)
 Metaspace       used 100945K, committed 101568K, reserved 1138688K
  class space    used 13194K, committed 13504K, reserved 1048576K
}
Event: 769.143 GC heap after
{Heap after GC invocations=34 (full 0):
 garbage-first heap   total 227328K, used 109471K [0x0000000080000000, 0x0000000100000000)
  region size 1024K, 12 young (12288K), 12 survivors (12288K)
 Metaspace       used 100945K, committed 101568K, reserved 1138688K
  class space    used 13194K, committed 13504K, reserved 1048576K
}
Event: 770.104 GC heap before
{Heap before GC invocations=34 (full 0):
 garbage-first heap   total 227328K, used 178079K [0x0000000080000000, 0x0000000100000000)
  region size 1024K, 80 young (81920K), 12 survivors (12288K)
 Metaspace       used 113668K, committed 114240K, reserved 1155072K
  class space    used 15284K, committed 15552K, reserved 1048576K
}
Event: 770.119 GC heap after
{Heap after GC invocations=35 (full 0):
 garbage-first heap   total 227328K, used 111201K [0x0000000080000000, 0x0000000100000000)
  region size 1024K, 5 young (5120K), 5 survivors (5120K)
 Metaspace       used 113668K, committed 114240K, reserved 1155072K
  class space    used 15284K, committed 15552K, reserved 1048576K
}
Event: 903.913 GC heap before
{Heap before GC invocations=35 (full 0):
 garbage-first heap   total 227328K, used 191073K [0x0000000080000000, 0x0000000100000000)
  region size 1024K, 74 young (75776K), 5 survivors (5120K)
 Metaspace       used 118774K, committed 119552K, reserved 1155072K
  class space    used 15987K, committed 16384K, reserved 1048576K
}
Event: 903.923 GC heap after
{Heap after GC invocations=36 (full 0):
 garbage-first heap   total 227328K, used 116176K [0x0000000080000000, 0x0000000100000000)
  region size 1024K, 10 young (10240K), 10 survivors (10240K)
 Metaspace       used 118774K, committed 119552K, reserved 1155072K
  class space    used 15987K, committed 16384K, reserved 1048576K
}
Event: 1076.240 GC heap before
{Heap before GC invocations=36 (full 0):
 garbage-first heap   total 227328K, used 181712K [0x0000000080000000, 0x0000000100000000)
  region size 1024K, 75 young (76800K), 10 survivors (10240K)
 Metaspace       used 119302K, committed 120064K, reserved 1155072K
  class space    used 16015K, committed 16384K, reserved 1048576K
}
Event: 1076.260 GC heap after
{Heap after GC invocations=37 (full 0):
 garbage-first heap   total 227328K, used 118736K [0x0000000080000000, 0x0000000100000000)
  region size 1024K, 6 young (6144K), 6 survivors (6144K)
 Metaspace       used 119302K, committed 120064K, reserved 1155072K
  class space    used 16015K, committed 16384K, reserved 1048576K
}
Event: 1077.282 GC heap before
{Heap before GC invocations=37 (full 0):
 garbage-first heap   total 227328K, used 179152K [0x0000000080000000, 0x0000000100000000)
  region size 1024K, 65 young (66560K), 6 survivors (6144K)
 Metaspace       used 119649K, committed 120448K, reserved 1155072K
  class space    used 16032K, committed 16448K, reserved 1048576K
}
Event: 1077.308 GC heap after
{Heap after GC invocations=38 (full 0):
 garbage-first heap   total 227328K, used 132564K [0x0000000080000000, 0x0000000100000000)
  region size 1024K, 9 young (9216K), 9 survivors (9216K)
 Metaspace       used 119649K, committed 120448K, reserved 1155072K
  class space    used 16032K, committed 16448K, reserved 1048576K
}
Event: 1107.193 GC heap before
{Heap before GC invocations=39 (full 0):
 garbage-first heap   total 242688K, used 189908K [0x0000000080000000, 0x0000000100000000)
  region size 1024K, 56 young (57344K), 9 survivors (9216K)
 Metaspace       used 120282K, committed 121152K, reserved 1155072K
  class space    used 16083K, committed 16512K, reserved 1048576K
}
Event: 1107.203 GC heap after
{Heap after GC invocations=40 (full 0):
 garbage-first heap   total 242688K, used 133846K [0x0000000080000000, 0x0000000100000000)
  region size 1024K, 4 young (4096K), 4 survivors (4096K)
 Metaspace       used 120282K, committed 121152K, reserved 1155072K
  class space    used 16083K, committed 16512K, reserved 1048576K
}
Event: 1107.251 GC heap before
{Heap before GC invocations=40 (full 0):
 garbage-first heap   total 242688K, used 139990K [0x0000000080000000, 0x0000000100000000)
  region size 1024K, 11 young (11264K), 4 survivors (4096K)
 Metaspace       used 120295K, committed 121152K, reserved 1155072K
  class space    used 16083K, committed 16512K, reserved 1048576K
}
Event: 1107.265 GC heap after
{Heap after GC invocations=41 (full 0):
 garbage-first heap   total 242688K, used 120779K [0x0000000080000000, 0x0000000100000000)
  region size 1024K, 2 young (2048K), 2 survivors (2048K)
 Metaspace       used 120295K, committed 121152K, reserved 1155072K
  class space    used 16083K, committed 16512K, reserved 1048576K
}

